# JRE version: OpenJDK Runtime Environment Temurin-17.0.19+10 (17.0.19+10) (build 17.0.19+10)
# Java VM: OpenJDK 64-Bit Server VM Temurin-17.0.19+10 (17.0.19+10, mixed mode, sharing, tiered, compressed oops, compressed class ptrs, g1 gc, windows-amd64)
GC Precious Log:
 CPUs: 28 total, 28 available
 Memory: 15997M
 Large Page Support: Disabled
 NUMA Support: Disabled
 Compressed Oops: Enabled (Zero based)
 Heap Region Size: 2M
 Heap Min Capacity: 8M
 Heap Initial Capacity: 250M
 Heap Max Capacity: 4000M
 Pre-touch: Disabled
 Parallel Workers: 20
 Concurrent Workers: 5
 Concurrent Refinement Workers: 20
 Periodic GC: Disabled
Heap:
 garbage-first heap   total 69632K, used 38929K [0x0000000706000000, 0x0000000800000000)
  region size 2048K, 10 young (20480K), 2 survivors (4096K)
 Metaspace       used 49725K, committed 50304K, reserved 1114112K
  class space    used 6066K, committed 6336K, reserved 1048576K
GC Heap History (20 events):
Event: 1.622 GC heap before
{Heap before GC invocations=5 (full 0):
 garbage-first heap   total 45056K, used 26213K [0x0000000706000000, 0x0000000800000000)
  region size 2048K, 13 young (26624K), 6 survivors (12288K)
 Metaspace       used 24855K, committed 25280K, reserved 1114112K
  class space    used 3183K, committed 3392K, reserved 1048576K
}
Event: 1.629 GC heap after
{Heap after GC invocations=6 (full 0):
 garbage-first heap   total 45056K, used 12932K [0x0000000706000000, 0x0000000800000000)
  region size 2048K, 2 young (4096K), 2 survivors (4096K)
 Metaspace       used 24855K, committed 25280K, reserved 1114112K
  class space    used 3183K, committed 3392K, reserved 1048576K
}
Event: 1.803 GC heap before
{Heap before GC invocations=6 (full 0):
 garbage-first heap   total 45056K, used 31364K [0x0000000706000000, 0x0000000800000000)
  region size 2048K, 11 young (22528K), 2 survivors (4096K)
 Metaspace       used 26968K, committed 27328K, reserved 1114112K
  class space    used 3416K, committed 3584K, reserved 1048576K
}
Event: 1.807 GC heap after
{Heap after GC invocations=7 (full 0):
 garbage-first heap   total 45056K, used 12920K [0x0000000706000000, 0x0000000800000000)
  region size 2048K, 1 young (2048K), 1 survivors (2048K)
 Metaspace       used 26968K, committed 27328K, reserved 1114112K
  class space    used 3416K, committed 3584K, reserved 1048576K
}
Event: 1.915 GC heap before
{Heap before GC invocations=7 (full 0):
 garbage-first heap   total 45056K, used 31352K [0x0000000706000000, 0x0000000800000000)
  region size 2048K, 10 young (20480K), 1 survivors (2048K)
 Metaspace       used 28436K, committed 28928K, reserved 1114112K
  class space    used 3604K, committed 3840K, reserved 1048576K
}
Event: 1.917 GC heap after
{Heap after GC invocations=8 (full 0):
 garbage-first heap   total 151552K, used 13842K [0x0000000706000000, 0x0000000800000000)
  region size 2048K, 2 young (4096K), 2 survivors (4096K)
 Metaspace       used 28436K, committed 28928K, reserved 1114112K
  class space    used 3604K, committed 3840K, reserved 1048576K
}
Event: 2.366 GC heap before
{Heap before GC invocations=8 (full 0):
 garbage-first heap   total 151552K, used 48658K [0x0000000706000000, 0x0000000800000000)
  region size 2048K, 20 young (40960K), 2 survivors (4096K)
 Metaspace       used 35543K, committed 35968K, reserved 1114112K
  class space    used 4470K, committed 4672K, reserved 1048576K
}
Event: 2.369 GC heap after
{Heap after GC invocations=9 (full 0):
 garbage-first heap   total 151552K, used 15231K [0x0000000706000000, 0x0000000800000000)
  region size 2048K, 3 young (6144K), 3 survivors (6144K)
 Metaspace       used 35543K, committed 35968K, reserved 1114112K
  class space    used 4470K, committed 4672K, reserved 1048576K
}
Event: 2.672 GC heap before
{Heap before GC invocations=10 (full 0):
 garbage-first heap   total 69632K, used 52095K [0x0000000706000000, 0x0000000800000000)
  region size 2048K, 21 young (43008K), 3 survivors (6144K)
 Metaspace       used 38166K, committed 38656K, reserved 1114112K
  class space    used 4810K, committed 5056K, reserved 1048576K
}
Event: 2.674 GC heap after
{Heap after GC invocations=11 (full 0):
 garbage-first heap   total 69632K, used 17355K [0x0000000706000000, 0x0000000800000000)
  region size 2048K, 3 young (6144K), 3 survivors (6144K)
 Metaspace       used 38166K, committed 38656K, reserved 1114112K
  class space    used 4810K, committed 5056K, reserved 1048576K
}
Event: 2.700 GC heap before
{Heap before GC invocations=11 (full 0):
 garbage-first heap   total 69632K, used 19403K [0x0000000706000000, 0x0000000800000000)
  region size 2048K, 4 young (8192K), 3 survivors (6144K)
 Metaspace       used 38339K, committed 38912K, reserved 1114112K
  class space    used 4840K, committed 5120K, reserved 1048576K
}
Event: 2.702 GC heap after
{Heap after GC invocations=12 (full 0):
 garbage-first heap   total 69632K, used 17730K [0x0000000706000000, 0x0000000800000000)
  region size 2048K, 1 young (2048K), 1 survivors (2048K)
 Metaspace       used 38339K, committed 38912K, reserved 1114112K
  class space    used 4840K, committed 5120K, reserved 1048576K
}
Event: 6.003 GC heap before
{Heap before GC invocations=12 (full 0):
 garbage-first heap   total 69632K, used 52546K [0x0000000706000000, 0x0000000800000000)
  region size 2048K, 18 young (36864K), 1 survivors (2048K)
 Metaspace       used 41738K, committed 42240K, reserved 1114112K
  class space    used 5282K, committed 5504K, reserved 1048576K
}
Event: 6.005 GC heap after
{Heap after GC invocations=13 (full 0):
 garbage-first heap   total 69632K, used 19404K [0x0000000706000000, 0x0000000800000000)
  region size 2048K, 2 young (4096K), 2 survivors (4096K)
 Metaspace       used 41738K, committed 42240K, reserved 1114112K
  class space    used 5282K, committed 5504K, reserved 1048576K
}
Event: 27.527 GC heap before
{Heap before GC invocations=13 (full 0):
 garbage-first heap   total 69632K, used 52172K [0x0000000706000000, 0x0000000800000000)
  region size 2048K, 18 young (36864K), 2 survivors (4096K)
 Metaspace       used 45321K, committed 45888K, reserved 1114112K
  class space    used 5748K, committed 6016K, reserved 1048576K
}
Event: 27.529 GC heap after
{Heap after GC invocations=14 (full 0):
 garbage-first heap   total 69632K, used 22265K [0x0000000706000000, 0x0000000800000000)
  region size 2048K, 3 young (6144K), 3 survivors (6144K)
 Metaspace       used 45321K, committed 45888K, reserved 1114112K
  class space    used 5748K, committed 6016K, reserved 1048576K
}
Event: 27.979 GC heap before
{Heap before GC invocations=14 (full 0):
 garbage-first heap   total 69632K, used 50937K [0x0000000706000000, 0x0000000800000000)
  region size 2048K, 17 young (34816K), 3 survivors (6144K)
 Metaspace       used 48422K, committed 48960K, reserved 1114112K
  class space    used 6025K, committed 6272K, reserved 1048576K
}
Event: 27.981 GC heap after
{Heap after GC invocations=15 (full 0):
 garbage-first heap   total 69632K, used 23944K [0x0000000706000000, 0x0000000800000000)
  region size 2048K, 3 young (6144K), 3 survivors (6144K)
 Metaspace       used 48422K, committed 48960K, reserved 1114112K
  class space    used 6025K, committed 6272K, reserved 1048576K
}
Event: 197.525 GC heap before
{Heap before GC invocations=15 (full 0):
 garbage-first heap   total 69632K, used 50568K [0x0000000706000000, 0x0000000800000000)
  region size 2048K, 17 young (34816K), 3 survivors (6144K)
 Metaspace       used 49450K, committed 49984K, reserved 1114112K
  class space    used 6065K, committed 6336K, reserved 1048576K
}
Event: 197.527 GC heap after
{Heap after GC invocations=16 (full 0):
 garbage-first heap   total 69632K, used 24593K [0x0000000706000000, 0x0000000800000000)
  region size 2048K, 2 young (4096K), 2 survivors (4096K)
 Metaspace       used 49450K, committed 49984K, reserved 1114112K
  class space    used 6065K, committed 6336K, reserved 1048576K
}

