# JRE version: OpenJDK Runtime Environment Temurin-17.0.19+10 (17.0.19+10) (build 17.0.19+10)
# Java VM: OpenJDK 64-Bit Server VM Temurin-17.0.19+10 (17.0.19+10, mixed mode, sharing, tiered, compressed oops, compressed class ptrs, g1 gc, windows-amd64)
GC Precious Log:
 CPUs: 28 total, 28 available
 Memory: 15997M
 Large Page Support: Disabled
 NUMA Support: Disabled
 Compressed Oops: Enabled (Zero based)
 Heap Region Size: 2M
 Heap Min Capacity: 8M
 Heap Initial Capacity: 250M
 Heap Max Capacity: 4000M
 Pre-touch: Disabled
 Parallel Workers: 20
 Concurrent Workers: 5
 Concurrent Refinement Workers: 20
 Periodic GC: Disabled
Heap:
 garbage-first heap   total 90112K, used 72590K [0x0000000706000000, 0x0000000800000000)
  region size 2048K, 23 young (47104K), 1 survivors (2048K)
 Metaspace       used 53121K, committed 53760K, reserved 1114112K
  class space    used 6269K, committed 6592K, reserved 1048576K
GC Heap History (20 events):
Event: 4583.673 GC heap after
{Heap after GC invocations=26 (full 1):
 garbage-first heap   total 90112K, used 26771K [0x0000000706000000, 0x0000000800000000)
  region size 2048K, 2 young (4096K), 2 survivors (4096K)
 Metaspace       used 53014K, committed 53632K, reserved 1114112K
  class space    used 6267K, committed 6592K, reserved 1048576K
}
Event: 5029.590 GC heap before
{Heap before GC invocations=26 (full 1):
 garbage-first heap   total 90112K, used 67731K [0x0000000706000000, 0x0000000800000000)
  region size 2048K, 22 young (45056K), 2 survivors (4096K)
 Metaspace       used 53031K, committed 53696K, reserved 1114112K
  class space    used 6267K, committed 6592K, reserved 1048576K
}
Event: 5029.591 GC heap after
{Heap after GC invocations=27 (full 1):
 garbage-first heap   total 90112K, used 26814K [0x0000000706000000, 0x0000000800000000)
  region size 2048K, 2 young (4096K), 2 survivors (4096K)
 Metaspace       used 53031K, committed 53696K, reserved 1114112K
  class space    used 6267K, committed 6592K, reserved 1048576K
}
Event: 5482.376 GC heap before
{Heap before GC invocations=27 (full 1):
 garbage-first heap   total 90112K, used 67774K [0x0000000706000000, 0x0000000800000000)
  region size 2048K, 22 young (45056K), 2 survivors (4096K)
 Metaspace       used 53031K, committed 53696K, reserved 1114112K
  class space    used 6267K, committed 6592K, reserved 1048576K
}
Event: 5482.379 GC heap after
{Heap after GC invocations=28 (full 1):
 garbage-first heap   total 90112K, used 26855K [0x0000000706000000, 0x0000000800000000)
  region size 2048K, 2 young (4096K), 2 survivors (4096K)
 Metaspace       used 53031K, committed 53696K, reserved 1114112K
  class space    used 6267K, committed 6592K, reserved 1048576K
}
Event: 5933.600 GC heap before
{Heap before GC invocations=28 (full 1):
 garbage-first heap   total 90112K, used 67815K [0x0000000706000000, 0x0000000800000000)
  region size 2048K, 22 young (45056K), 2 survivors (4096K)
 Metaspace       used 53031K, committed 53696K, reserved 1114112K
  class space    used 6267K, committed 6592K, reserved 1048576K
}
Event: 5933.601 GC heap after
{Heap after GC invocations=29 (full 1):
 garbage-first heap   total 90112K, used 26611K [0x0000000706000000, 0x0000000800000000)
  region size 2048K, 2 young (4096K), 2 survivors (4096K)
 Metaspace       used 53031K, committed 53696K, reserved 1114112K
  class space    used 6267K, committed 6592K, reserved 1048576K
}
Event: 6387.648 GC heap before
{Heap before GC invocations=29 (full 1):
 garbage-first heap   total 90112K, used 67571K [0x0000000706000000, 0x0000000800000000)
  region size 2048K, 22 young (45056K), 2 survivors (4096K)
 Metaspace       used 53033K, committed 53696K, reserved 1114112K
  class space    used 6267K, committed 6592K, reserved 1048576K
}
Event: 6387.650 GC heap after
{Heap after GC invocations=30 (full 1):
 garbage-first heap   total 90112K, used 26750K [0x0000000706000000, 0x0000000800000000)
  region size 2048K, 2 young (4096K), 2 survivors (4096K)
 Metaspace       used 53033K, committed 53696K, reserved 1114112K
  class space    used 6267K, committed 6592K, reserved 1048576K
}
Event: 6828.600 GC heap before
{Heap before GC invocations=30 (full 1):
 garbage-first heap   total 90112K, used 67710K [0x0000000706000000, 0x0000000800000000)
  region size 2048K, 22 young (45056K), 2 survivors (4096K)
 Metaspace       used 53036K, committed 53696K, reserved 1114112K
  class space    used 6267K, committed 6592K, reserved 1048576K
}
Event: 6828.601 GC heap after
{Heap after GC invocations=31 (full 1):
 garbage-first heap   total 90112K, used 26683K [0x0000000706000000, 0x0000000800000000)
  region size 2048K, 2 young (4096K), 2 survivors (4096K)
 Metaspace       used 53036K, committed 53696K, reserved 1114112K
  class space    used 6267K, committed 6592K, reserved 1048576K
}
Event: 7282.221 GC heap before
{Heap before GC invocations=31 (full 1):
 garbage-first heap   total 90112K, used 67643K [0x0000000706000000, 0x0000000800000000)
  region size 2048K, 22 young (45056K), 2 survivors (4096K)
 Metaspace       used 53037K, committed 53696K, reserved 1114112K
  class space    used 6267K, committed 6592K, reserved 1048576K
}
Event: 7282.223 GC heap after
{Heap after GC invocations=32 (full 1):
 garbage-first heap   total 90112K, used 26746K [0x0000000706000000, 0x0000000800000000)
  region size 2048K, 2 young (4096K), 2 survivors (4096K)
 Metaspace       used 53037K, committed 53696K, reserved 1114112K
  class space    used 6267K, committed 6592K, reserved 1048576K
}
Event: 7733.601 GC heap before
{Heap before GC invocations=32 (full 1):
 garbage-first heap   total 90112K, used 67706K [0x0000000706000000, 0x0000000800000000)
  region size 2048K, 22 young (45056K), 2 survivors (4096K)
 Metaspace       used 53049K, committed 53696K, reserved 1114112K
  class space    used 6267K, committed 6592K, reserved 1048576K
}
Event: 7733.604 GC heap after
{Heap after GC invocations=33 (full 1):
 garbage-first heap   total 90112K, used 26675K [0x0000000706000000, 0x0000000800000000)
  region size 2048K, 2 young (4096K), 2 survivors (4096K)
 Metaspace       used 53049K, committed 53696K, reserved 1114112K
  class space    used 6267K, committed 6592K, reserved 1048576K
}
Event: 8185.769 GC heap before
{Heap before GC invocations=33 (full 1):
 garbage-first heap   total 90112K, used 67635K [0x0000000706000000, 0x0000000800000000)
  region size 2048K, 22 young (45056K), 2 survivors (4096K)
 Metaspace       used 53065K, committed 53696K, reserved 1114112K
  class space    used 6267K, committed 6592K, reserved 1048576K
}
Event: 8185.773 GC heap after
{Heap after GC invocations=34 (full 1):
 garbage-first heap   total 90112K, used 26826K [0x0000000706000000, 0x0000000800000000)
  region size 2048K, 1 young (2048K), 1 survivors (2048K)
 Metaspace       used 53065K, committed 53696K, reserved 1114112K
  class space    used 6267K, committed 6592K, reserved 1048576K
}
Event: 8672.999 GC heap before
{Heap before GC invocations=34 (full 1):
 garbage-first heap   total 90112K, used 71882K [0x0000000706000000, 0x0000000800000000)
  region size 2048K, 23 young (47104K), 1 survivors (2048K)
 Metaspace       used 53089K, committed 53760K, reserved 1114112K
  class space    used 6268K, committed 6592K, reserved 1048576K
}
Event: 8673.001 GC heap after
{Heap after GC invocations=35 (full 1):
 garbage-first heap   total 90112K, used 26573K [0x0000000706000000, 0x0000000800000000)
  region size 2048K, 1 young (2048K), 1 survivors (2048K)
 Metaspace       used 53089K, committed 53760K, reserved 1114112K
  class space    used 6268K, committed 6592K, reserved 1048576K
}
Event: 9162.306 GC heap before
{Heap before GC invocations=35 (full 1):
 garbage-first heap   total 90112K, used 71629K [0x0000000706000000, 0x0000000800000000)
  region size 2048K, 23 young (47104K), 1 survivors (2048K)
 Metaspace       used 53121K, committed 53760K, reserved 1114112K
  class space    used 6269K, committed 6592K, reserved 1048576K
}

